0 info it worked if it ends with ok
1 verbose cli [ 'C:\\Program Files\\nodejs\\node.exe',
1 verbose cli   'C:\\Program Files\\nodejs\\node_modules\\npm\\bin\\npm-cli.js',
1 verbose cli   'run',
1 verbose cli   'dev' ]
2 info using npm@3.3.12
3 info using node@v5.4.0
4 verbose run-script [ 'predev', 'dev', 'postdev' ]
5 info lifecycle webpack-pluralsight@0.0.1~predev: webpack-pluralsight@0.0.1
6 silly lifecycle webpack-pluralsight@0.0.1~predev: no script for predev, continuing
7 info lifecycle webpack-pluralsight@0.0.1~dev: webpack-pluralsight@0.0.1
8 verbose lifecycle webpack-pluralsight@0.0.1~dev: unsafe-perm in lifecycle true
9 verbose lifecycle webpack-pluralsight@0.0.1~dev: PATH: C:\Program Files\nodejs\node_modules\npm\bin\node-gyp-bin;C:\dev\jmccliment.github.io\webpack-pluralsight\node_modules\.bin;C:\Program Files\git\mingw64\bin;C:\Program Files\git\usr\bin;C:\Users\jmccl\bin;C:\Users\jmccl\tools\cmder\vendor\conemu-maximus5;C:\Users\jmccl\tools\cmder\vendor\conemu-maximus5\ConEmu;C:\windows\system32;C:\windows;C:\windows\System32\Wbem;C:\windows\System32\WindowsPowerShell\v1.0;C:\ProgramData\chocolatey\bin;C:\Program Files (x86)\Git\cmd;C:\Program Files (x86)\Git\bin;C:\WINDOWS\system32;C:\WINDOWS;C:\WINDOWS\System32\Wbem;C:\WINDOWS\System32\WindowsPowerShell\v1.0;C:\Program Files\nodejs;C:\Program Files\Microsoft\Web Platform Installer;C:\Program Files\Git\cmd;C:\Users\jmccl\.dnx\runtimes\dnx-clr-win-x86.1.0.0-rc1-update1\bin;C:\Users\jmccl\.dnx\bin;C:\Users\jmccl\AppData\Local\atom\bin;C:\Program Files (x86)\Microsoft VS Code\bin;C:\Program Files (x86)\Git\cmd;C:\Program Files (x86)\Git\bin;C:\Users\jmccl\AppData\Roaming\npm;C:\Program Files\Docker Toolbox
10 verbose lifecycle webpack-pluralsight@0.0.1~dev: CWD: C:\dev\jmccliment.github.io\webpack-pluralsight
11 silly lifecycle webpack-pluralsight@0.0.1~dev: Args: [ '/d /s /c', 'webpack-dev-server --inline' ]
12 silly lifecycle webpack-pluralsight@0.0.1~dev: Returned: code: 1  signal: null
13 info lifecycle webpack-pluralsight@0.0.1~dev: Failed to exec dev script
14 verbose stack Error: webpack-pluralsight@0.0.1 dev: `webpack-dev-server --inline`
14 verbose stack Exit status 1
14 verbose stack     at EventEmitter.<anonymous> (C:\Program Files\nodejs\node_modules\npm\lib\utils\lifecycle.js:232:16)
14 verbose stack     at emitTwo (events.js:87:13)
14 verbose stack     at EventEmitter.emit (events.js:172:7)
14 verbose stack     at ChildProcess.<anonymous> (C:\Program Files\nodejs\node_modules\npm\lib\utils\spawn.js:24:14)
14 verbose stack     at emitTwo (events.js:87:13)
14 verbose stack     at ChildProcess.emit (events.js:172:7)
14 verbose stack     at maybeClose (internal/child_process.js:821:16)
14 verbose stack     at Process.ChildProcess._handle.onexit (internal/child_process.js:211:5)
15 verbose pkgid webpack-pluralsight@0.0.1
16 verbose cwd C:\dev\jmccliment.github.io\webpack-pluralsight
17 error Windows_NT 10.0.10586
18 error argv "C:\\Program Files\\nodejs\\node.exe" "C:\\Program Files\\nodejs\\node_modules\\npm\\bin\\npm-cli.js" "run" "dev"
19 error node v5.4.0
20 error npm  v3.3.12
21 error code ELIFECYCLE
22 error webpack-pluralsight@0.0.1 dev: `webpack-dev-server --inline`
22 error Exit status 1
23 error Failed at the webpack-pluralsight@0.0.1 dev script 'webpack-dev-server --inline'.
23 error Make sure you have the latest version of node.js and npm installed.
23 error If you do, this is most likely a problem with the webpack-pluralsight package,
23 error not with npm itself.
23 error Tell the author that this fails on your system:
23 error     webpack-dev-server --inline
23 error You can get their info via:
23 error     npm owner ls webpack-pluralsight
23 error There is likely additional logging output above.
24 verbose exit [ 1, true ]
